<?xml version="1.0" encoding="UTF-8"?>
<!-- Generated by org.testng.reporters.JUnitXMLReporter -->
<testsuite hostname="DESKTOP-IN0MA0U" failures="0" tests="7" name="Test" time="0.119" errors="0" timestamp="30 May 2022 12:20:37 GMT">
  <testcase classname="Toutorial.Demo2" name="testa" time="0.033"/>
  <testcase classname="Toutorial.Demo2" name="testb" time="0.003"/>
  <testcase classname="Toutorial.Demo2" name="testd" time="0.003"/>
  <testcase classname="Toutorial.Demo1" name="xyz" time="0.004"/>
  <testcase classname="Toutorial.Demo2" name="testc" time="0.009"/>
  <testcase classname="Toutorial.Demo1" name="abc" time="0.006"/>
  <testcase classname="Toutorial.Demo1" name="pqr" time="0.002"/>
</testsuite> <!-- Test -->
