<?xml version="1.0" encoding="UTF-8"?>
<testng-results total="4" passed="4" failed="0" skipped="0">
  <reporter-output>
  </reporter-output>
  <suite started-at="2022-06-08T05:50:24Z" name="Default suite" finished-at="2022-06-08T05:50:24Z" duration-ms="54">
    <groups>
    </groups>
    <test started-at="2022-06-08T05:50:24Z" name="Default test" finished-at="2022-06-08T05:50:24Z" duration-ms="54">
      <class name="Toutorial.Demo2">
        <test-method signature="testa()[pri:0, instance:Toutorial.Demo2@95e33cc]" started-at="2022-06-08T11:20:24Z" name="testa" finished-at="2022-06-08T11:20:24Z" duration-ms="21" status="PASS">
          <reporter-output>
          </reporter-output>
        </test-method> <!-- testa -->
        <test-method signature="testc()[pri:0, instance:Toutorial.Demo2@95e33cc]" started-at="2022-06-08T11:20:24Z" name="testc" finished-at="2022-06-08T11:20:24Z" duration-ms="1" status="PASS">
          <reporter-output>
          </reporter-output>
        </test-method> <!-- testc -->
        <test-method signature="testd()[pri:0, instance:Toutorial.Demo2@95e33cc]" started-at="2022-06-08T11:20:24Z" name="testd" finished-at="2022-06-08T11:20:24Z" duration-ms="2" status="PASS">
          <reporter-output>
          </reporter-output>
        </test-method> <!-- testd -->
        <test-method signature="testb()[pri:0, instance:Toutorial.Demo2@95e33cc]" started-at="2022-06-08T11:20:24Z" name="testb" finished-at="2022-06-08T11:20:24Z" duration-ms="1" status="PASS">
          <reporter-output>
          </reporter-output>
        </test-method> <!-- testb -->
      </class> <!-- Toutorial.Demo2 -->
    </test> <!-- Default test -->
  </suite> <!-- Default suite -->
</testng-results>
